2025-01-22 09:59:39 [main] INFO  c.s.g.GithubpracticeApplication - Starting GithubpracticeApplication v0.0.1-SNAPSHOT using Java 21.0.1 with PID 2576 (D:\practicing\githubpractice\target\githubpractice-0.0.1-SNAPSHOT.jar started by faraz.khan in D:\practicing\githubpractice)
2025-01-22 09:59:39 [main] INFO  c.s.g.GithubpracticeApplication - The following 1 profile is active: "dev"
2025-01-22 09:59:40 [main] INFO  o.a.coyote.http11.Http11NioProtocol - Initializing ProtocolHandler ["http-nio-8080"]
2025-01-22 09:59:40 [main] INFO  o.a.catalina.core.StandardService - Starting service [Tomcat]
2025-01-22 09:59:40 [main] INFO  o.a.catalina.core.StandardEngine - Starting Servlet engine: [Apache Tomcat/10.1.34]
2025-01-22 09:59:40 [main] INFO  o.a.c.c.C.[Tomcat].[localhost].[/] - Initializing Spring embedded WebApplicationContext
2025-01-22 09:59:41 [main] INFO  o.a.coyote.http11.Http11NioProtocol - Starting ProtocolHandler ["http-nio-8080"]
2025-01-22 09:59:41 [main] INFO  c.s.g.GithubpracticeApplication - Started GithubpracticeApplication in 3.191 seconds (process running for 5.076)
2025-01-22 10:20:32 [restartedMain] INFO  c.s.g.GithubpracticeApplication - Starting GithubpracticeApplication using Java 21.0.1 with PID 6320 (D:\practicing\githubpractice\target\classes started by faraz.khan in D:\practicing\githubpractice)
2025-01-22 10:20:32 [restartedMain] INFO  c.s.g.GithubpracticeApplication - The following 1 profile is active: "dev"
2025-01-22 10:20:33 [restartedMain] INFO  o.a.coyote.http11.Http11NioProtocol - Initializing ProtocolHandler ["http-nio-8081"]
2025-01-22 10:20:33 [restartedMain] INFO  o.a.catalina.core.StandardService - Starting service [Tomcat]
2025-01-22 10:20:33 [restartedMain] INFO  o.a.catalina.core.StandardEngine - Starting Servlet engine: [Apache Tomcat/10.1.34]
2025-01-22 10:20:33 [restartedMain] INFO  o.a.c.c.C.[Tomcat].[localhost].[/] - Initializing Spring embedded WebApplicationContext
2025-01-22 10:20:34 [restartedMain] INFO  o.a.coyote.http11.Http11NioProtocol - Starting ProtocolHandler ["http-nio-8081"]
2025-01-22 10:20:34 [restartedMain] INFO  c.s.g.GithubpracticeApplication - Started GithubpracticeApplication in 2.398 seconds (process running for 4.062)
2025-01-22 10:21:05 [restartedMain] INFO  c.s.g.GithubpracticeApplication - Starting GithubpracticeApplication using Java 21.0.1 with PID 2224 (D:\practicing\githubpractice\target\classes started by faraz.khan in D:\practicing\githubpractice)
2025-01-22 10:21:05 [restartedMain] INFO  c.s.g.GithubpracticeApplication - The following 1 profile is active: "uat"
2025-01-22 10:21:06 [restartedMain] INFO  o.a.coyote.http11.Http11NioProtocol - Initializing ProtocolHandler ["http-nio-8082"]
2025-01-22 10:21:06 [restartedMain] INFO  o.a.catalina.core.StandardService - Starting service [Tomcat]
2025-01-22 10:21:06 [restartedMain] INFO  o.a.catalina.core.StandardEngine - Starting Servlet engine: [Apache Tomcat/10.1.34]
2025-01-22 10:21:06 [restartedMain] INFO  o.a.c.c.C.[Tomcat].[localhost].[/] - Initializing Spring embedded WebApplicationContext
2025-01-22 10:21:06 [restartedMain] INFO  o.a.coyote.http11.Http11NioProtocol - Starting ProtocolHandler ["http-nio-8082"]
2025-01-22 10:21:06 [restartedMain] INFO  c.s.g.GithubpracticeApplication - Started GithubpracticeApplication in 2.152 seconds (process running for 3.619)
2025-01-22 10:21:40 [tomcat-shutdown] INFO  o.a.coyote.http11.Http11NioProtocol - Pausing ProtocolHandler ["http-nio-8082"]
2025-01-22 10:21:40 [Thread-5] INFO  o.a.coyote.http11.Http11NioProtocol - Stopping ProtocolHandler ["http-nio-8082"]
2025-01-22 10:21:40 [restartedMain] INFO  c.s.g.GithubpracticeApplication - Starting GithubpracticeApplication using Java 21.0.1 with PID 2224 (D:\practicing\githubpractice\target\classes started by faraz.khan in D:\practicing\githubpractice)
2025-01-22 10:21:40 [restartedMain] INFO  c.s.g.GithubpracticeApplication - The following 1 profile is active: "uat"
2025-01-22 10:21:41 [restartedMain] INFO  o.a.coyote.http11.Http11NioProtocol - Initializing ProtocolHandler ["http-nio-8082"]
2025-01-22 10:21:41 [restartedMain] INFO  o.a.catalina.core.StandardService - Starting service [Tomcat]
2025-01-22 10:21:41 [restartedMain] INFO  o.a.catalina.core.StandardEngine - Starting Servlet engine: [Apache Tomcat/10.1.34]
2025-01-22 10:21:41 [restartedMain] INFO  o.a.c.c.C.[Tomcat].[localhost].[/] - Initializing Spring embedded WebApplicationContext
2025-01-22 10:21:41 [restartedMain] INFO  o.a.coyote.http11.Http11NioProtocol - Starting ProtocolHandler ["http-nio-8082"]
2025-01-22 10:21:41 [restartedMain] INFO  c.s.g.GithubpracticeApplication - Started GithubpracticeApplication in 0.602 seconds (process running for 38.195)
2025-01-22 10:21:42 [tomcat-shutdown] INFO  o.a.coyote.http11.Http11NioProtocol - Pausing ProtocolHandler ["http-nio-8082"]
2025-01-22 10:21:42 [Thread-7] INFO  o.a.coyote.http11.Http11NioProtocol - Stopping ProtocolHandler ["http-nio-8082"]
2025-01-22 10:21:42 [restartedMain] INFO  c.s.g.GithubpracticeApplication - Starting GithubpracticeApplication using Java 21.0.1 with PID 2224 (D:\practicing\githubpractice\target\classes started by faraz.khan in D:\practicing\githubpractice)
2025-01-22 10:21:42 [restartedMain] INFO  c.s.g.GithubpracticeApplication - The following 1 profile is active: "uat"
2025-01-22 10:21:43 [restartedMain] INFO  o.a.coyote.http11.Http11NioProtocol - Initializing ProtocolHandler ["http-nio-8082"]
2025-01-22 10:21:43 [restartedMain] INFO  o.a.catalina.core.StandardService - Starting service [Tomcat]
2025-01-22 10:21:43 [restartedMain] INFO  o.a.catalina.core.StandardEngine - Starting Servlet engine: [Apache Tomcat/10.1.34]
2025-01-22 10:21:43 [restartedMain] INFO  o.a.c.c.C.[Tomcat].[localhost].[/] - Initializing Spring embedded WebApplicationContext
2025-01-22 10:21:43 [restartedMain] INFO  o.a.coyote.http11.Http11NioProtocol - Starting ProtocolHandler ["http-nio-8082"]
2025-01-22 10:21:43 [restartedMain] INFO  c.s.g.GithubpracticeApplication - Started GithubpracticeApplication in 0.937 seconds (process running for 40.612)
2025-01-22 10:34:48 [restartedMain] INFO  c.s.g.GithubpracticeApplication - Starting GithubpracticeApplication using Java 21.0.1 with PID 12044 (D:\practicing\githubpractice\target\classes started by faraz.khan in D:\practicing\githubpractice)
2025-01-22 10:34:48 [restartedMain] INFO  c.s.g.GithubpracticeApplication - The following 1 profile is active: "uat"
2025-01-22 10:34:49 [restartedMain] INFO  o.a.coyote.http11.Http11NioProtocol - Initializing ProtocolHandler ["http-nio-8082"]
2025-01-22 10:34:49 [restartedMain] INFO  o.a.catalina.core.StandardService - Starting service [Tomcat]
2025-01-22 10:34:49 [restartedMain] INFO  o.a.catalina.core.StandardEngine - Starting Servlet engine: [Apache Tomcat/10.1.34]
2025-01-22 10:34:49 [restartedMain] INFO  o.a.c.c.C.[Tomcat].[localhost].[/] - Initializing Spring embedded WebApplicationContext
2025-01-22 10:34:50 [restartedMain] INFO  o.a.coyote.http11.Http11NioProtocol - Starting ProtocolHandler ["http-nio-8082"]
2025-01-22 10:34:50 [restartedMain] INFO  c.s.g.GithubpracticeApplication - Started GithubpracticeApplication in 2.266 seconds (process running for 3.683)
2025-01-22 10:41:09 [tomcat-shutdown] INFO  o.a.coyote.http11.Http11NioProtocol - Pausing ProtocolHandler ["http-nio-8082"]
2025-01-22 10:41:09 [Thread-5] INFO  o.a.coyote.http11.Http11NioProtocol - Stopping ProtocolHandler ["http-nio-8082"]
2025-01-22 10:41:09 [restartedMain] INFO  c.s.g.GithubpracticeApplication - Starting GithubpracticeApplication using Java 21.0.1 with PID 12044 (D:\practicing\githubpractice\target\classes started by faraz.khan in D:\practicing\githubpractice)
2025-01-22 10:41:09 [restartedMain] INFO  c.s.g.GithubpracticeApplication - The following 1 profile is active: "uat"
2025-01-22 10:41:10 [restartedMain] INFO  o.a.coyote.http11.Http11NioProtocol - Initializing ProtocolHandler ["http-nio-8082"]
2025-01-22 10:41:10 [restartedMain] INFO  o.a.catalina.core.StandardService - Starting service [Tomcat]
2025-01-22 10:41:10 [restartedMain] INFO  o.a.catalina.core.StandardEngine - Starting Servlet engine: [Apache Tomcat/10.1.34]
2025-01-22 10:41:10 [restartedMain] INFO  o.a.c.c.C.[Tomcat].[localhost].[/] - Initializing Spring embedded WebApplicationContext
2025-01-22 10:41:10 [restartedMain] INFO  o.a.coyote.http11.Http11NioProtocol - Starting ProtocolHandler ["http-nio-8082"]
2025-01-22 10:41:10 [restartedMain] INFO  c.s.g.GithubpracticeApplication - Started GithubpracticeApplication in 0.599 seconds (process running for 383.984)
